Arguments: 
  /usr/local/bin/node /usr/local/bin/yarn add --dev webpack-dev-server

PATH: 
  /home/coltms/.rvm/gems/ruby-2.6.1/bin:/home/coltms/.rvm/gems/ruby-2.6.1@global/bin:/home/coltms/.rvm/rubies/ruby-2.6.1/bin:/usr/local/sbin:/usr/local/bin:/usr/sbin:/usr/bin:/sbin:/bin:/usr/games:/usr/local/games:/mnt/c/Program Files (x86)/Common Files/Oracle/Java/javapath:/mnt/c/Python27:/mnt/c/Python27/Scripts:/mnt/c/Program Files (x86)/Intel/iCLS Client:/mnt/c/Program Files/Intel/iCLS Client:/mnt/c/WINDOWS/system32:/mnt/c/WINDOWS:/mnt/c/WINDOWS/System32/Wbem:/mnt/c/WINDOWS/System32/WindowsPowerShell/v1.0:/mnt/c/Program Files (x86)/Intel/Intel(R) Management Engine Components/DAL:/mnt/c/Program Files/Intel/Intel(R) Management Engine Components/DAL:/mnt/c/Program Files (x86)/Intel/Intel(R) Management Engine Components/IPT:/mnt/c/Program Files/Intel/Intel(R) Management Engine Components/IPT:/mnt/c/Program Files/Intel/WiFi/bin:/mnt/c/Program Files/Common Files/Intel/WirelessCommon:/mnt/c/WINDOWS/System32/OpenSSH:/mnt/c/Program Files/Microsoft VS Code/bin:/mnt/c/Program Files/Git/cmd:/mnt/c/Program Files (x86)/Yarn/bin:/mnt/c/ProgramData/chocolatey/bin:/mnt/c/Program Files/nodejs:/mnt/c/Program Files/MySQL/MySQL Shell 8.0/bin:/mnt/c/Ruby25-x64/bin:/mnt/c/Users/Hafer1/AppData/Local/atom/bin:/mnt/c/Users/Hafer1/Documents/bin:/mnt/c/Users/Hafer1/AppData/Local/Microsoft/WindowsApps:/mnt/c/Users/Hafer1/AppData/Local/Yarn/bin:/mnt/c/Program Files/heroku/bin:/mnt/c/Users/Hafer1/heroku/bin:/mnt/c/Users/Hafer1/AppData/Roaming/npm:/snap/bin:/home/coltms/.rvm/bin

Yarn version: 
  1.22.0

Node version: 
  12.0.0

Platform: 
  linux x64

Trace: 
  Error: EACCES: permission denied, scandir '/home/coltms/.config/yarn/link'

npm manifest: 
  {
    "name": "rails_server_api",
    "private": true,
    "dependencies": {
      "@rails/ujs": "^6.0.0",
      "turbolinks": "^5.2.0",
      "@rails/activestorage": "^6.0.0",
      "@rails/actioncable": "^6.0.0"
    },
    "version": "0.1.0"
  }

yarn manifest: 
  No manifest

Lockfile: 
  No lockfile
